2021-05-21 00:35:51,586 root INFO Connected to Server
2021-05-21 00:35:53,392 root INFO New Database Created.
2021-05-21 00:35:53,395 root INFO Connection Closed
2021-05-21 00:35:53,481 root INFO New Connection Established.
2021-05-21 00:35:53,482 root INFO Cursor is created
2021-05-21 00:35:55,687 root INFO New Table is created.
2021-05-21 00:35:55,690 root INFO Reading csv file
2021-05-21 00:35:55,753 root INFO Extracted data from CSV file
2021-05-21 00:36:00,627 root INFO Values updated in SQL Table
2021-05-21 00:36:01,199 root INFO Changes committed in DB
2021-05-21 00:36:01,200 root INFO Cursor is closed
2021-05-21 00:36:01,201 root INFO Connection closed
2021-05-21 00:42:04,903 root INFO New Connection established
2021-05-21 00:42:07,400 root INFO Fetched Data from table
2021-05-21 00:43:29,629 root INFO New Connection established
2021-05-21 00:43:32,214 root INFO Fetched Data from table
2021-05-21 00:43:32,214 root INFO Cursor closed
2021-05-21 00:43:32,215 root INFO Connection closed.
2021-05-21 00:43:45,831 root INFO New Connection established
2021-05-21 00:43:48,391 root INFO Fetched Data from table
2021-05-21 00:43:48,391 root INFO Cursor closed
2021-05-21 00:43:48,393 root INFO Connection closed.
